#
# There is insufficient memory for the Java Runtime Environment to continue.
# Native memory allocation (mmap) failed to map 65536 bytes for Failed to commit metaspace.
# Possible reasons:
#   The system is out of physical RAM or swap space
#   The process is running with CompressedOops enabled, and the Java Heap may be blocking the growth of the native heap
# Possible solutions:
#   Reduce memory load on the system
#   Increase physical memory or swap space
#   Check if swap backing store is full
#   Decrease Java heap size (-Xmx/-Xms)
#   Decrease number of Java threads
#   Decrease Java thread stack sizes (-Xss)
#   Set larger code cache with -XX:ReservedCodeCacheSize=
#   JVM is running with Unscaled Compressed Oops mode in which the Java heap is
#     placed in the first 4GB address space. The Java Heap base address is the
#     maximum limit for the native heap growth. Please use -XX:HeapBaseMinAddress
#     to set the Java Heap base and to place the Java Heap above 4GB virtual address.
# This output file may be truncated or incomplete.
#
#  Out of Memory Error (virtualSpaceNode.cpp:110), pid=388, tid=2360
#
# JRE version: OpenJDK Runtime Environment Corretto-17.0.5.8.1 (17.0.5+8) (build 17.0.5+8-LTS)
# Java VM: OpenJDK 64-Bit Server VM Corretto-17.0.5.8.1 (17.0.5+8-LTS, mixed mode, sharing, tiered, compressed oops, compressed class ptrs, g1 gc, windows-amd64)
# No core dump will be written. Minidumps are not enabled by default on client versions of Windows
#

---------------  S U M M A R Y ------------

Command Line: -ea -Didea.test.cyclic.buffer.size=1048576 -javaagent:C:\Program Files\JetBrains2\IntelliJ IDEA 2022.3.1\lib\idea_rt.jar=51416:C:\Program Files\JetBrains2\IntelliJ IDEA 2022.3.1\bin -Dfile.encoding=UTF-8 com.intellij.rt.junit.JUnitStarter -ideVersion5 -junit4 UserServiceTest

Host: Intel(R) Core(TM) i5-2410M CPU @ 2.30GHz, 4 cores, 3G,  Windows 7 , 64 bit Build 7601 (6.1.7601.23915)
Time: Fri Jan  6 22:15:51 2023 RTZ 2 (зима) elapsed time: 3.238104 seconds (0d 0h 0m 3s)

---------------  T H R E A D  ---------------

Current thread (0x0000000000401480):  JavaThread "main" [_thread_in_vm, id=2360, stack(0x0000000001ed0000,0x0000000001fd0000)]

Stack: [0x0000000001ed0000,0x0000000001fd0000]
Native frames: (J=compiled Java code, j=interpreted, Vv=VM code, C=native code)
V  [jvm.dll+0x646e0a]
V  [jvm.dll+0x7f7f14]
V  [jvm.dll+0x7f96ce]
V  [jvm.dll+0x7f9d23]
V  [jvm.dll+0x234c98]
V  [jvm.dll+0x7f3fdb]
V  [jvm.dll+0x5ee0e6]
V  [jvm.dll+0x5ee14a]
V  [jvm.dll+0x5f0868]
V  [jvm.dll+0x5eea9d]
V  [jvm.dll+0x354f19]
V  [jvm.dll+0x1d4e19]
V  [jvm.dll+0x513789]
V  [jvm.dll+0x1e3627]
V  [jvm.dll+0x775572]
V  [jvm.dll+0x776891]
V  [jvm.dll+0x776bc8]
V  [jvm.dll+0x22d22a]
V  [jvm.dll+0x22d47f]
V  [jvm.dll+0x5306e8]
V  [jvm.dll+0x5335fe]
V  [jvm.dll+0x36c5f9]
V  [jvm.dll+0x36bbff]
C  0x0000000009e6a56c

Java frames: (J=compiled Java code, j=interpreted, Vv=VM code)
j  sun.security.ssl.TransportContext.dispatch(Lsun/security/ssl/Plaintext;)V+152 java.base@17.0.5
j  sun.security.ssl.SSLTransport.decode(Lsun/security/ssl/TransportContext;[Ljava/nio/ByteBuffer;II[Ljava/nio/ByteBuffer;II)Lsun/security/ssl/Plaintext;+281 java.base@17.0.5
j  sun.security.ssl.SSLSocketImpl.decode(Ljava/nio/ByteBuffer;)Lsun/security/ssl/Plaintext;+38 java.base@17.0.5
j  sun.security.ssl.SSLSocketImpl.readApplicationRecord(Ljava/nio/ByteBuffer;)Ljava/nio/ByteBuffer;+88 java.base@17.0.5
j  sun.security.ssl.SSLSocketImpl$AppInputStream.read([BII)I+428 java.base@17.0.5
j  java.io.FilterInputStream.read([BII)I+7 java.base@17.0.5
j  com.mysql.cj.protocol.FullReadInputStream.readFully([BII)I+31
j  com.mysql.cj.protocol.a.SimplePacketReader.readHeader()Lcom/mysql/cj/protocol/a/NativePacketHeader;+26
j  com.mysql.cj.protocol.a.SimplePacketReader.readHeader()Lcom/mysql/cj/protocol/MessageHeader;+1
j  com.mysql.cj.protocol.a.NativeProtocol.readMessage(Lcom/mysql/cj/protocol/a/NativePacketPayload;)Lcom/mysql/cj/protocol/a/NativePacketPayload;+4
j  com.mysql.cj.protocol.a.NativeProtocol.checkErrorMessage(I)Lcom/mysql/cj/protocol/a/NativePacketPayload;+15
j  com.mysql.cj.protocol.a.NativeProtocol.checkErrorMessage()Lcom/mysql/cj/protocol/a/NativePacketPayload;+2
j  com.mysql.cj.protocol.a.NativeProtocol.checkErrorMessage()Lcom/mysql/cj/protocol/Message;+1
j  com.mysql.cj.protocol.a.NativeAuthenticationProvider.proceedHandshakeWithPluggableAuthentication(Lcom/mysql/cj/protocol/ServerSession;Lcom/mysql/cj/protocol/a/NativePacketPayload;)V+458
j  com.mysql.cj.protocol.a.NativeAuthenticationProvider.connect(Lcom/mysql/cj/protocol/ServerSession;Ljava/lang/String;Ljava/lang/String;Ljava/lang/String;)V+742
j  com.mysql.cj.protocol.a.NativeProtocol.connect(Ljava/lang/String;Ljava/lang/String;Ljava/lang/String;)V+15
j  com.mysql.cj.NativeSession.connect(Lcom/mysql/cj/conf/HostInfo;Ljava/lang/String;Ljava/lang/String;Ljava/lang/String;ILcom/mysql/cj/TransactionEventHandler;)V+110
j  com.mysql.cj.jdbc.ConnectionImpl.connectOneTryOnly(Z)V+32
j  com.mysql.cj.jdbc.ConnectionImpl.createNewIO(Z)V+27
j  com.mysql.cj.jdbc.ConnectionImpl.<init>(Lcom/mysql/cj/conf/HostInfo;)V+753
j  com.mysql.cj.jdbc.ConnectionImpl.getInstance(Lcom/mysql/cj/conf/HostInfo;)Lcom/mysql/cj/jdbc/JdbcConnection;+5
j  com.mysql.cj.jdbc.NonRegisteringDriver.connect(Ljava/lang/String;Ljava/util/Properties;)Ljava/sql/Connection;+72
j  java.sql.DriverManager.getConnection(Ljava/lang/String;Ljava/util/Properties;Ljava/lang/Class;)Ljava/sql/Connection;+131 java.sql@17.0.5
j  java.sql.DriverManager.getConnection(Ljava/lang/String;Ljava/lang/String;Ljava/lang/String;)Ljava/sql/Connection;+37 java.sql@17.0.5
j  jm.task.core.jdbc.util.Util.getConnection()Ljava/sql/Connection;+20
j  jm.task.core.jdbc.dao.UserDaoJDBCImpl.<init>()V+5
j  jm.task.core.jdbc.service.UserServiceImpl.<init>()V+9
j  UserServiceTest.<init>()V+9
v  ~StubRoutines::call_stub
j  jdk.internal.reflect.NativeConstructorAccessorImpl.newInstance0(Ljava/lang/reflect/Constructor;[Ljava/lang/Object;)Ljava/lang/Object;+0 java.base@17.0.5
j  jdk.internal.reflect.NativeConstructorAccessorImpl.newInstance([Ljava/lang/Object;)Ljava/lang/Object;+118 java.base@17.0.5
j  jdk.internal.reflect.DelegatingConstructorAccessorImpl.newInstance([Ljava/lang/Object;)Ljava/lang/Object;+5 java.base@17.0.5
j  java.lang.reflect.Constructor.newInstanceWithCaller([Ljava/lang/Object;ZLjava/lang/Class;)Ljava/lang/Object;+65 java.base@17.0.5
j  java.lang.reflect.Constructor.newInstance([Ljava/lang/Object;)Ljava/lang/Object;+30 java.base@17.0.5
j  org.junit.runners.BlockJUnit4ClassRunner.createTest()Ljava/lang/Object;+11
j  org.junit.runners.BlockJUnit4ClassRunner.createTest(Lorg/junit/runners/model/FrameworkMethod;)Ljava/lang/Object;+1
j  org.junit.runners.BlockJUnit4ClassRunner$2.runReflectiveCall()Ljava/lang/Object;+8
j  org.junit.internal.runners.model.ReflectiveCallable.run()Ljava/lang/Object;+1
j  org.junit.runners.BlockJUnit4ClassRunner.methodBlock(Lorg/junit/runners/model/FrameworkMethod;)Lorg/junit/runners/model/Statement;+9
j  org.junit.runners.BlockJUnit4ClassRunner$1.evaluate()V+8
j  org.junit.runners.ParentRunner.runLeaf(Lorg/junit/runners/model/Statement;Lorg/junit/runner/Description;Lorg/junit/runner/notification/RunNotifier;)V+17
j  org.junit.runners.BlockJUnit4ClassRunner.runChild(Lorg/junit/runners/model/FrameworkMethod;Lorg/junit/runner/notification/RunNotifier;)V+38
j  org.junit.runners.BlockJUnit4ClassRunner.runChild(Ljava/lang/Object;Lorg/junit/runner/notification/RunNotifier;)V+6
j  org.junit.runners.ParentRunner$4.run()V+12
j  org.junit.runners.ParentRunner$1.schedule(Ljava/lang/Runnable;)V+1
j  org.junit.runners.ParentRunner.runChildren(Lorg/junit/runner/notification/RunNotifier;)V+44
j  org.junit.runners.ParentRunner.access$100(Lorg/junit/runners/ParentRunner;Lorg/junit/runner/notification/RunNotifier;)V+2
j  org.junit.runners.ParentRunner$2.evaluate()V+8
j  org.junit.runners.ParentRunner$3.evaluate()V+4
j  org.junit.runners.ParentRunner.run(Lorg/junit/runner/notification/RunNotifier;)V+24
j  org.junit.runner.JUnitCore.run(Lorg/junit/runner/Runner;)Lorg/junit/runner/Result;+37
j  com.intellij.junit4.JUnit4IdeaTestRunner.startRunnerWithArgs([Ljava/lang/String;Ljava/lang/String;IZ)I+166
j  com.intellij.rt.junit.IdeaTestRunner$Repeater$1.execute(Z)I+17
j  com.intellij.rt.execution.junit.TestsRepeater.repeat(IZLcom/intellij/rt/execution/junit/TestsRepeater$TestRun;)I+7
j  com.intellij.rt.junit.IdeaTestRunner$Repeater.startRunnerWithArgs(Lcom/intellij/rt/junit/IdeaTestRunner;[Ljava/lang/String;Ljava/util/ArrayList;Ljava/lang/String;IZ)I+25
j  com.intellij.rt.junit.JUnitStarter.prepareStreamsAndStart([Ljava/lang/String;Ljava/lang/String;Ljava/util/ArrayList;Ljava/lang/String;)I+117
j  com.intellij.rt.junit.JUnitStarter.main([Ljava/lang/String;)V+97
v  ~StubRoutines::call_stub

---------------  P R O C E S S  ---------------

Threads class SMR info:
_java_thread_list=0x0000000020498470, length=14, elements={
0x0000000000401480, 0x000000001e24f870, 0x000000001e772fe0, 0x000000001e7857e0,
0x000000001e788200, 0x000000001e788c00, 0x000000001e78e9c0, 0x000000001e78f660,
0x000000001e790010, 0x000000001e7b7910, 0x000000001e8c0e00, 0x00000000201af760,
0x000000002016fa60, 0x0000000020247be0
}

Java Threads: ( => current thread )
=>0x0000000000401480 JavaThread "main" [_thread_in_vm, id=2360, stack(0x0000000001ed0000,0x0000000001fd0000)]
  0x000000001e24f870 JavaThread "Reference Handler" daemon [_thread_blocked, id=9620, stack(0x000000001e260000,0x000000001e360000)]
  0x000000001e772fe0 JavaThread "Finalizer" daemon [_thread_blocked, id=10376, stack(0x000000001e990000,0x000000001ea90000)]
  0x000000001e7857e0 JavaThread "Signal Dispatcher" daemon [_thread_blocked, id=2248, stack(0x000000001f4a0000,0x000000001f5a0000)]
  0x000000001e788200 JavaThread "Attach Listener" daemon [_thread_blocked, id=8036, stack(0x000000001f6a0000,0x000000001f7a0000)]
  0x000000001e788c00 JavaThread "Service Thread" daemon [_thread_blocked, id=10616, stack(0x000000001f900000,0x000000001fa00000)]
  0x000000001e78e9c0 JavaThread "Monitor Deflation Thread" daemon [_thread_blocked, id=11024, stack(0x000000001fad0000,0x000000001fbd0000)]
  0x000000001e78f660 JavaThread "C2 CompilerThread0" daemon [_thread_blocked, id=10220, stack(0x000000001f7d0000,0x000000001f8d0000)]
  0x000000001e790010 JavaThread "C1 CompilerThread0" daemon [_thread_blocked, id=5008, stack(0x000000001fcd0000,0x000000001fdd0000)]
  0x000000001e7b7910 JavaThread "Sweeper thread" daemon [_thread_blocked, id=9032, stack(0x000000001fdd0000,0x000000001fed0000)]
  0x000000001e8c0e00 JavaThread "Common-Cleaner" daemon [_thread_blocked, id=10884, stack(0x0000000020030000,0x0000000020130000)]
  0x00000000201af760 JavaThread "Monitor Ctrl-Break" daemon [_thread_in_native, id=8384, stack(0x0000000020670000,0x0000000020770000)]
  0x000000002016fa60 JavaThread "Notification Thread" daemon [_thread_blocked, id=1988, stack(0x0000000020530000,0x0000000020630000)]
  0x0000000020247be0 JavaThread "mysql-cj-abandoned-connection-cleanup" daemon [_thread_blocked, id=7060, stack(0x0000000020f90000,0x0000000021090000)]

Other Threads:
  0x000000001e247cd0 VMThread "VM Thread" [stack: 0x000000001e4f0000,0x000000001e5f0000] [id=7964]
  0x0000000020177760 WatcherThread [stack: 0x000000001fbd0000,0x000000001fcd0000] [id=9072]
  0x0000000000443590 GCTaskThread "GC Thread#0" [stack: 0x000000001ba50000,0x000000001bb50000] [id=9912]
  0x0000000020c315b0 GCTaskThread "GC Thread#1" [stack: 0x0000000021590000,0x0000000021690000] [id=9692]
  0x0000000020c7a950 GCTaskThread "GC Thread#2" [stack: 0x0000000021720000,0x0000000021820000] [id=3552]
  0x0000000020be4b40 GCTaskThread "GC Thread#3" [stack: 0x0000000021320000,0x0000000021420000] [id=7368]
  0x000000000044d0e0 ConcurrentGCThread "G1 Main Marker" [stack: 0x000000001bca0000,0x000000001bda0000] [id=9164]
  0x0000000000450690 ConcurrentGCThread "G1 Conc#0" [stack: 0x000000001be30000,0x000000001bf30000] [id=7180]
  0x000000001e17a0a0 ConcurrentGCThread "G1 Refine#0" [stack: 0x000000001e3c0000,0x000000001e4c0000] [id=10928]
  0x0000000020be4df0 ConcurrentGCThread "G1 Refine#1" [stack: 0x00000000219a0000,0x0000000021aa0000] [id=10524]
  0x000000001e17e9d0 ConcurrentGCThread "G1 Service" [stack: 0x000000001e5f0000,0x000000001e6f0000] [id=10100]

Threads with active compile tasks:

VM state: not at safepoint (normal execution)

VM Mutex/Monitor currently owned by a thread:  ([mutex/lock_event])
[0x00000000003f9a40] Metaspace_lock - owner thread: 0x0000000000401480

Heap address: 0x00000000c1800000, size: 1000 MB, Compressed Oops mode: 32-bit

CDS archive(s) mapped at: [0x0000000800000000-0x0000000800bc0000-0x0000000800bc0000), size 12320768, SharedBaseAddress: 0x0000000800000000, ArchiveRelocationMode: 0.
Compressed class space mapped at: 0x0000000800c00000-0x0000000840c00000, reserved size: 1073741824
Narrow klass base: 0x0000000800000000, Narrow klass shift: 0, Narrow klass range: 0x100000000

GC Precious Log:
 CPUs: 4 total, 4 available
 Memory: 3999M
 Large Page Support: Disabled
 NUMA Support: Disabled
 Compressed Oops: Enabled (32-bit)
 Heap Region Size: 1M
 Heap Min Capacity: 8M
 Heap Initial Capacity: 64M
 Heap Max Capacity: 1000M
 Pre-touch: Disabled
 Parallel Workers: 4
 Concurrent Workers: 1
 Concurrent Refinement Workers: 4
 Periodic GC: Disabled

Heap:
 garbage-first heap   total 65536K, used 9829K [0x00000000c1800000, 0x0000000100000000)
  region size 1024K, 8 young (8192K), 2 survivors (2048K)
 Metaspace       used 10358K, committed 10496K, reserved 1064960K
  class space    used 1154K, committed 1216K, reserved 1048576K

Heap Regions: E=young(eden), S=young(survivor), O=old, HS=humongous(starts), HC=humongous(continues), CS=collection set, F=free, OA=open archive, CA=closed archive, TAMS=top-at-mark-start (previous, next)
|   0|0x00000000c1800000, 0x00000000c1900000, 0x00000000c1900000|100%|HS|  |TAMS 0x00000000c1800000, 0x00000000c1800000| Complete 
|   1|0x00000000c1900000, 0x00000000c1a00000, 0x00000000c1a00000|100%| O|  |TAMS 0x00000000c1900000, 0x00000000c1900000| Untracked 
|   2|0x00000000c1a00000, 0x00000000c1a99400, 0x00000000c1b00000| 59%| O|  |TAMS 0x00000000c1a00000, 0x00000000c1a00000| Untracked 
|   3|0x00000000c1b00000, 0x00000000c1b00000, 0x00000000c1c00000|  0%| F|  |TAMS 0x00000000c1b00000, 0x00000000c1b00000| Untracked 
|   4|0x00000000c1c00000, 0x00000000c1c00000, 0x00000000c1d00000|  0%| F|  |TAMS 0x00000000c1c00000, 0x00000000c1c00000| Untracked 
|   5|0x00000000c1d00000, 0x00000000c1d00000, 0x00000000c1e00000|  0%| F|  |TAMS 0x00000000c1d00000, 0x00000000c1d00000| Untracked 
|   6|0x00000000c1e00000, 0x00000000c1e00000, 0x00000000c1f00000|  0%| F|  |TAMS 0x00000000c1e00000, 0x00000000c1e00000| Untracked 
|   7|0x00000000c1f00000, 0x00000000c1f00000, 0x00000000c2000000|  0%| F|  |TAMS 0x00000000c1f00000, 0x00000000c1f00000| Untracked 
|   8|0x00000000c2000000, 0x00000000c2000000, 0x00000000c2100000|  0%| F|  |TAMS 0x00000000c2000000, 0x00000000c2000000| Untracked 
|   9|0x00000000c2100000, 0x00000000c2100000, 0x00000000c2200000|  0%| F|  |TAMS 0x00000000c2100000, 0x00000000c2100000| Untracked 
|  10|0x00000000c2200000, 0x00000000c2200000, 0x00000000c2300000|  0%| F|  |TAMS 0x00000000c2200000, 0x00000000c2200000| Untracked 
|  11|0x00000000c2300000, 0x00000000c2300000, 0x00000000c2400000|  0%| F|  |TAMS 0x00000000c2300000, 0x00000000c2300000| Untracked 
|  12|0x00000000c2400000, 0x00000000c2400000, 0x00000000c2500000|  0%| F|  |TAMS 0x00000000c2400000, 0x00000000c2400000| Untracked 
|  13|0x00000000c2500000, 0x00000000c2500000, 0x00000000c2600000|  0%| F|  |TAMS 0x00000000c2500000, 0x00000000c2500000| Untracked 
|  14|0x00000000c2600000, 0x00000000c2600000, 0x00000000c2700000|  0%| F|  |TAMS 0x00000000c2600000, 0x00000000c2600000| Untracked 
|  15|0x00000000c2700000, 0x00000000c2700000, 0x00000000c2800000|  0%| F|  |TAMS 0x00000000c2700000, 0x00000000c2700000| Untracked 
|  16|0x00000000c2800000, 0x00000000c2800000, 0x00000000c2900000|  0%| F|  |TAMS 0x00000000c2800000, 0x00000000c2800000| Untracked 
|  17|0x00000000c2900000, 0x00000000c2900000, 0x00000000c2a00000|  0%| F|  |TAMS 0x00000000c2900000, 0x00000000c2900000| Untracked 
|  18|0x00000000c2a00000, 0x00000000c2a00000, 0x00000000c2b00000|  0%| F|  |TAMS 0x00000000c2a00000, 0x00000000c2a00000| Untracked 
|  19|0x00000000c2b00000, 0x00000000c2b00000, 0x00000000c2c00000|  0%| F|  |TAMS 0x00000000c2b00000, 0x00000000c2b00000| Untracked 
|  20|0x00000000c2c00000, 0x00000000c2c00000, 0x00000000c2d00000|  0%| F|  |TAMS 0x00000000c2c00000, 0x00000000c2c00000| Untracked 
|  21|0x00000000c2d00000, 0x00000000c2d00000, 0x00000000c2e00000|  0%| F|  |TAMS 0x00000000c2d00000, 0x00000000c2d00000| Untracked 
|  22|0x00000000c2e00000, 0x00000000c2e00000, 0x00000000c2f00000|  0%| F|  |TAMS 0x00000000c2e00000, 0x00000000c2e00000| Untracked 
|  23|0x00000000c2f00000, 0x00000000c2f00000, 0x00000000c3000000|  0%| F|  |TAMS 0x00000000c2f00000, 0x00000000c2f00000| Untracked 
|  24|0x00000000c3000000, 0x00000000c3000000, 0x00000000c3100000|  0%| F|  |TAMS 0x00000000c3000000, 0x00000000c3000000| Untracked 
|  25|0x00000000c3100000, 0x00000000c3100000, 0x00000000c3200000|  0%| F|  |TAMS 0x00000000c3100000, 0x00000000c3100000| Untracked 
|  26|0x00000000c3200000, 0x00000000c3200000, 0x00000000c3300000|  0%| F|  |TAMS 0x00000000c3200000, 0x00000000c3200000| Untracked 
|  27|0x00000000c3300000, 0x00000000c3300000, 0x00000000c3400000|  0%| F|  |TAMS 0x00000000c3300000, 0x00000000c3300000| Untracked 
|  28|0x00000000c3400000, 0x00000000c3400000, 0x00000000c3500000|  0%| F|  |TAMS 0x00000000c3400000, 0x00000000c3400000| Untracked 
|  29|0x00000000c3500000, 0x00000000c3500000, 0x00000000c3600000|  0%| F|  |TAMS 0x00000000c3500000, 0x00000000c3500000| Untracked 
|  30|0x00000000c3600000, 0x00000000c3600000, 0x00000000c3700000|  0%| F|  |TAMS 0x00000000c3600000, 0x00000000c3600000| Untracked 
|  31|0x00000000c3700000, 0x00000000c3700000, 0x00000000c3800000|  0%| F|  |TAMS 0x00000000c3700000, 0x00000000c3700000| Untracked 
|  32|0x00000000c3800000, 0x00000000c3800000, 0x00000000c3900000|  0%| F|  |TAMS 0x00000000c3800000, 0x00000000c3800000| Untracked 
|  33|0x00000000c3900000, 0x00000000c3900000, 0x00000000c3a00000|  0%| F|  |TAMS 0x00000000c3900000, 0x00000000c3900000| Untracked 
|  34|0x00000000c3a00000, 0x00000000c3a00000, 0x00000000c3b00000|  0%| F|  |TAMS 0x00000000c3a00000, 0x00000000c3a00000| Untracked 
|  35|0x00000000c3b00000, 0x00000000c3b00000, 0x00000000c3c00000|  0%| F|  |TAMS 0x00000000c3b00000, 0x00000000c3b00000| Untracked 
|  36|0x00000000c3c00000, 0x00000000c3c00000, 0x00000000c3d00000|  0%| F|  |TAMS 0x00000000c3c00000, 0x00000000c3c00000| Untracked 
|  37|0x00000000c3d00000, 0x00000000c3d00000, 0x00000000c3e00000|  0%| F|  |TAMS 0x00000000c3d00000, 0x00000000c3d00000| Untracked 
|  38|0x00000000c3e00000, 0x00000000c3e00000, 0x00000000c3f00000|  0%| F|  |TAMS 0x00000000c3e00000, 0x00000000c3e00000| Untracked 
|  39|0x00000000c3f00000, 0x00000000c3f00000, 0x00000000c4000000|  0%| F|  |TAMS 0x00000000c3f00000, 0x00000000c3f00000| Untracked 
|  40|0x00000000c4000000, 0x00000000c4000000, 0x00000000c4100000|  0%| F|  |TAMS 0x00000000c4000000, 0x00000000c4000000| Untracked 
|  41|0x00000000c4100000, 0x00000000c4100000, 0x00000000c4200000|  0%| F|  |TAMS 0x00000000c4100000, 0x00000000c4100000| Untracked 
|  42|0x00000000c4200000, 0x00000000c4200000, 0x00000000c4300000|  0%| F|  |TAMS 0x00000000c4200000, 0x00000000c4200000| Untracked 
|  43|0x00000000c4300000, 0x00000000c4300000, 0x00000000c4400000|  0%| F|  |TAMS 0x00000000c4300000, 0x00000000c4300000| Untracked 
|  44|0x00000000c4400000, 0x00000000c4400000, 0x00000000c4500000|  0%| F|  |TAMS 0x00000000c4400000, 0x00000000c4400000| Untracked 
|  45|0x00000000c4500000, 0x00000000c4500000, 0x00000000c4600000|  0%| F|  |TAMS 0x00000000c4500000, 0x00000000c4500000| Untracked 
|  46|0x00000000c4600000, 0x00000000c4600000, 0x00000000c4700000|  0%| F|  |TAMS 0x00000000c4600000, 0x00000000c4600000| Untracked 
|  47|0x00000000c4700000, 0x00000000c4700000, 0x00000000c4800000|  0%| F|  |TAMS 0x00000000c4700000, 0x00000000c4700000| Untracked 
|  48|0x00000000c4800000, 0x00000000c4800000, 0x00000000c4900000|  0%| F|  |TAMS 0x00000000c4800000, 0x00000000c4800000| Untracked 
|  49|0x00000000c4900000, 0x00000000c4a00000, 0x00000000c4a00000|100%| S|CS|TAMS 0x00000000c4900000, 0x00000000c4900000| Complete 
|  50|0x00000000c4a00000, 0x00000000c4b00000, 0x00000000c4b00000|100%| S|CS|TAMS 0x00000000c4a00000, 0x00000000c4a00000| Complete 
|  51|0x00000000c4b00000, 0x00000000c4b00000, 0x00000000c4c00000|  0%| F|  |TAMS 0x00000000c4b00000, 0x00000000c4b00000| Untracked 
|  52|0x00000000c4c00000, 0x00000000c4c00000, 0x00000000c4d00000|  0%| F|  |TAMS 0x00000000c4c00000, 0x00000000c4c00000| Untracked 
|  53|0x00000000c4d00000, 0x00000000c4d00000, 0x00000000c4e00000|  0%| F|  |TAMS 0x00000000c4d00000, 0x00000000c4d00000| Untracked 
|  54|0x00000000c4e00000, 0x00000000c4e00000, 0x00000000c4f00000|  0%| F|  |TAMS 0x00000000c4e00000, 0x00000000c4e00000| Untracked 
|  55|0x00000000c4f00000, 0x00000000c4f00000, 0x00000000c5000000|  0%| F|  |TAMS 0x00000000c4f00000, 0x00000000c4f00000| Untracked 
|  56|0x00000000c5000000, 0x00000000c5000000, 0x00000000c5100000|  0%| F|  |TAMS 0x00000000c5000000, 0x00000000c5000000| Untracked 
|  57|0x00000000c5100000, 0x00000000c5100000, 0x00000000c5200000|  0%| F|  |TAMS 0x00000000c5100000, 0x00000000c5100000| Untracked 
|  58|0x00000000c5200000, 0x00000000c5300000, 0x00000000c5300000|100%| E|  |TAMS 0x00000000c5200000, 0x00000000c5200000| Complete 
|  59|0x00000000c5300000, 0x00000000c5400000, 0x00000000c5400000|100%| E|CS|TAMS 0x00000000c5300000, 0x00000000c5300000| Complete 
|  60|0x00000000c5400000, 0x00000000c5500000, 0x00000000c5500000|100%| E|CS|TAMS 0x00000000c5400000, 0x00000000c5400000| Complete 
|  61|0x00000000c5500000, 0x00000000c5600000, 0x00000000c5600000|100%| E|CS|TAMS 0x00000000c5500000, 0x00000000c5500000| Complete 
|  62|0x00000000c5600000, 0x00000000c5700000, 0x00000000c5700000|100%| E|CS|TAMS 0x00000000c5600000, 0x00000000c5600000| Complete 
|  63|0x00000000c5700000, 0x00000000c5800000, 0x00000000c5800000|100%| E|CS|TAMS 0x00000000c5700000, 0x00000000c5700000| Complete 

Card table byte_map: [0x0000000019580000,0x0000000019780000] _byte_map_base: 0x0000000018f74000

Marking Bits (Prev, Next): (CMBitMap*) 0x0000000000444ab0, (CMBitMap*) 0x0000000000444af0
 Prev Bits: [0x0000000019980000, 0x000000001a920000)
 Next Bits: [0x000000001a920000, 0x000000001b8c0000)

Polling page: 0x0000000000220000

Metaspace:

Usage:
  Non-class:      8.99 MB used.
      Class:      1.13 MB used.
       Both:     10.12 MB used.

Virtual space:
  Non-class space:       16.00 MB reserved,       9.06 MB ( 57%) committed,  2 nodes.
      Class space:        1.00 GB reserved,       1.19 MB ( <1%) committed,  1 nodes.
             Both:        1.02 GB reserved,      10.25 MB ( <1%) committed. 

Chunk freelists:
   Non-Class:  2.88 MB
       Class:  2.72 MB
        Both:  5.60 MB

MaxMetaspaceSize: unlimited
CompressedClassSpaceSize: 1.00 GB
Initial GC threshold: 21.00 MB
Current GC threshold: 21.00 MB
CDS: on
MetaspaceReclaimPolicy: balanced
 - commit_granule_bytes: 65536.
 - commit_granule_words: 8192.
 - virtual_space_node_default_size: 1048576.
 - enlarge_chunks_in_place: 1.
 - new_chunks_are_fully_committed: 0.
 - uncommit_free_chunks: 1.
 - use_allocation_guard: 0.
 - handle_deallocations: 1.


Internal statistics:

num_allocs_failed_limit: 0.
num_arena_births: 62.
num_arena_deaths: 0.
num_vsnodes_births: 3.
num_vsnodes_deaths: 0.
num_space_committed: 164.
num_space_uncommitted: 0.
num_chunks_returned_to_freelist: 0.
num_chunks_taken_from_freelist: 221.
num_chunk_merges: 0.
num_chunk_splits: 146.
num_chunks_enlarged: 99.
num_purges: 0.
num_inconsistent_stats: 0.

CodeHeap 'non-profiled nmethods': size=120000Kb used=453Kb max_used=453Kb free=119546Kb
 bounds [0x0000000011920000, 0x0000000011b90000, 0x0000000018e50000]
CodeHeap 'profiled nmethods': size=120000Kb used=2434Kb max_used=2434Kb free=117565Kb
 bounds [0x000000000a3f0000, 0x000000000a660000, 0x0000000011920000]
CodeHeap 'non-nmethods': size=5760Kb used=1215Kb max_used=1229Kb free=4544Kb
 bounds [0x0000000009e50000, 0x000000000a0c0000, 0x000000000a3f0000]
 total_blobs=1867 nmethods=1351 adapters=429
 compilation: enabled
              stopped_count=0, restarted_count=0
 full_count=0

Compilation events (20 events):
Event: 3.218 Thread 0x000000001e790010 1342       3       java.io.WinNTFileSystem::normalize (143 bytes)
Event: 3.219 Thread 0x000000001e790010 nmethod 1342 0x000000000a649910 code [0x000000000a649ba0, 0x000000000a64a778]
Event: 3.220 Thread 0x000000001e790010 1343   !   3       java.util.zip.Inflater::needsInput (55 bytes)
Event: 3.221 Thread 0x000000001e790010 nmethod 1343 0x000000000a64ac10 code [0x000000000a64adc0, 0x000000000a64b178]
Event: 3.222 Thread 0x000000001e790010 1344   !   3       java.util.zip.ZipFile::getInputStream (275 bytes)
Event: 3.224 Thread 0x000000001e790010 nmethod 1344 0x000000000a64b290 code [0x000000000a64b580, 0x000000000a64c6e8]
Event: 3.231 Thread 0x000000001e790010 1345       3       java.util.LinkedList$ListItr::next (56 bytes)
Event: 3.231 Thread 0x000000001e790010 nmethod 1345 0x000000000a64d190 code [0x000000000a64d380, 0x000000000a64d7f8]
Event: 3.231 Thread 0x000000001e790010 1346       3       java.util.LinkedList$ListItr::checkForComodification (23 bytes)
Event: 3.232 Thread 0x000000001e790010 nmethod 1346 0x000000000a64d990 code [0x000000000a64db40, 0x000000000a64dd08]
Event: 3.232 Thread 0x000000001e790010 1347       3       jdk.internal.loader.URLClassPath::getResource (74 bytes)
Event: 3.232 Thread 0x000000001e790010 nmethod 1347 0x000000000a64de10 code [0x000000000a64dfe0, 0x000000000a64e338]
Event: 3.232 Thread 0x000000001e790010 1348       3       jdk.internal.loader.BuiltinClassLoader::defineClass (121 bytes)
Event: 3.234 Thread 0x000000001e790010 nmethod 1348 0x000000000a64e490 code [0x000000000a64e780, 0x000000000a64fa88]
Event: 3.234 Thread 0x000000001e790010 1349       3       jdk.internal.reflect.ReflectionFactory::inflationThreshold (4 bytes)
Event: 3.234 Thread 0x000000001e790010 nmethod 1349 0x000000000a650010 code [0x000000000a6501a0, 0x000000000a650298]
Event: 3.234 Thread 0x000000001e790010 1350       1       sun.security.provider.DigestBase::engineGetDigestLength (5 bytes)
Event: 3.234 Thread 0x000000001e790010 nmethod 1350 0x0000000011991290 code [0x0000000011991420, 0x00000000119914f8]
Event: 3.234 Thread 0x000000001e790010 1351       3       java.nio.ByteBuffer::arrayOffset (35 bytes)
Event: 3.235 Thread 0x000000001e790010 nmethod 1351 0x000000000a650310 code [0x000000000a6504e0, 0x000000000a6507b8]

GC Heap History (2 events):
Event: 1.973 GC heap before
{Heap before GC invocations=0 (full 0):
 garbage-first heap   total 65536K, used 14336K [0x00000000c1800000, 0x0000000100000000)
  region size 1024K, 13 young (13312K), 0 survivors (0K)
 Metaspace       used 4679K, committed 4800K, reserved 1056768K
  class space    used 468K, committed 512K, reserved 1048576K
}
Event: 1.984 GC heap after
{Heap after GC invocations=1 (full 0):
 garbage-first heap   total 65536K, used 4709K [0x00000000c1800000, 0x0000000100000000)
  region size 1024K, 2 young (2048K), 2 survivors (2048K)
 Metaspace       used 4679K, committed 4800K, reserved 1056768K
  class space    used 468K, committed 512K, reserved 1048576K
}

Dll operation events (11 events):
Event: 0.140 Loaded shared library C:\Users\Andrey\.jdks\corretto-17.0.5\bin\java.dll
Event: 0.151 Loaded shared library C:\Users\Andrey\.jdks\corretto-17.0.5\bin\jsvml.dll
Event: 0.395 Loaded shared library C:\Users\Andrey\.jdks\corretto-17.0.5\bin\zip.dll
Event: 0.401 Loaded shared library C:\Users\Andrey\.jdks\corretto-17.0.5\bin\instrument.dll
Event: 0.419 Loaded shared library C:\Users\Andrey\.jdks\corretto-17.0.5\bin\net.dll
Event: 0.423 Loaded shared library C:\Users\Andrey\.jdks\corretto-17.0.5\bin\nio.dll
Event: 0.433 Loaded shared library C:\Users\Andrey\.jdks\corretto-17.0.5\bin\zip.dll
Event: 0.455 Loaded shared library C:\Program Files\JetBrains2\IntelliJ IDEA 2022.3.1\bin\breakgen64.dll
Event: 0.536 Loaded shared library C:\Users\Andrey\.jdks\corretto-17.0.5\bin\verify.dll
Event: 1.102 Loaded shared library C:\Users\Andrey\.jdks\corretto-17.0.5\bin\jimage.dll
Event: 2.853 Loaded shared library C:\Users\Andrey\.jdks\corretto-17.0.5\bin\sunmscapi.dll

Deoptimization events (20 events):
Event: 1.963 Thread 0x0000000000401480 DEOPT PACKING pc=0x000000000a4da0a7 sp=0x0000000001fcab20
Event: 1.963 Thread 0x0000000000401480 DEOPT UNPACKING pc=0x0000000009ea2b43 sp=0x0000000001fc9f80 mode 0
Event: 2.168 Thread 0x0000000000401480 DEOPT PACKING pc=0x000000000a4f6e5b sp=0x0000000001fccbd0
Event: 2.168 Thread 0x0000000000401480 DEOPT UNPACKING pc=0x0000000009ea2b43 sp=0x0000000001fcc0b8 mode 0
Event: 2.234 Thread 0x0000000000401480 Uncommon trap: trap_request=0xffffff45 fr.pc=0x0000000011964c78 relative=0x00000000000010d8
Event: 2.234 Thread 0x0000000000401480 Uncommon trap: reason=unstable_if action=reinterpret pc=0x0000000011964c78 method=java.util.HashMap.putVal(ILjava/lang/Object;Ljava/lang/Object;ZZ)Ljava/lang/Object; @ 181 c2
Event: 2.234 Thread 0x0000000000401480 DEOPT PACKING pc=0x0000000011964c78 sp=0x0000000001fccc00
Event: 2.234 Thread 0x0000000000401480 DEOPT UNPACKING pc=0x0000000009ea23a3 sp=0x0000000001fccb40 mode 2
Event: 2.234 Thread 0x0000000000401480 Uncommon trap: trap_request=0xffffff45 fr.pc=0x0000000011939eec relative=0x000000000000088c
Event: 2.234 Thread 0x0000000000401480 Uncommon trap: reason=unstable_if action=reinterpret pc=0x0000000011939eec method=java.util.HashMap.putVal(ILjava/lang/Object;Ljava/lang/Object;ZZ)Ljava/lang/Object; @ 181 c2
Event: 2.234 Thread 0x0000000000401480 DEOPT PACKING pc=0x0000000011939eec sp=0x0000000001fccb50
Event: 2.234 Thread 0x0000000000401480 DEOPT UNPACKING pc=0x0000000009ea23a3 sp=0x0000000001fccb30 mode 2
Event: 2.546 Thread 0x0000000000401480 Uncommon trap: trap_request=0xffffff45 fr.pc=0x0000000011975f70 relative=0x00000000000001d0
Event: 2.547 Thread 0x0000000000401480 Uncommon trap: reason=unstable_if action=reinterpret pc=0x0000000011975f70 method=java.util.StringTokenizer.scanToken(I)I @ 42 c2
Event: 2.547 Thread 0x0000000000401480 DEOPT PACKING pc=0x0000000011975f70 sp=0x0000000001fcaa20
Event: 2.547 Thread 0x0000000000401480 DEOPT UNPACKING pc=0x0000000009ea23a3 sp=0x0000000001fca9b0 mode 2
Event: 2.744 Thread 0x0000000000401480 Uncommon trap: trap_request=0xffffff45 fr.pc=0x000000001196a2a8 relative=0x00000000000012e8
Event: 2.744 Thread 0x0000000000401480 Uncommon trap: reason=unstable_if action=reinterpret pc=0x000000001196a2a8 method=java.io.WinNTFileSystem.normalize(Ljava/lang/String;)Ljava/lang/String; @ 128 c2
Event: 2.744 Thread 0x0000000000401480 DEOPT PACKING pc=0x000000001196a2a8 sp=0x0000000001fcc150
Event: 2.744 Thread 0x0000000000401480 DEOPT UNPACKING pc=0x0000000009ea23a3 sp=0x0000000001fcc138 mode 2

Classes unloaded (0 events):
No events

Classes redefined (0 events):
No events

Internal exceptions (16 events):
Event: 0.476 Thread 0x00000000201af760 Exception <a 'java/lang/NoSuchMethodError'{0x00000000c56cedd0}: 'java.lang.Object java.lang.invoke.DirectMethodHandle$Holder.invokeStaticInit(java.lang.Object)'> (0x00000000c56cedd0) 
thrown [s\src\hotspot\share\interpreter\linkResolver.cpp, line 759]
Event: 0.507 Thread 0x00000000201af760 Exception <a 'java/lang/NoSuchMethodError'{0x00000000c56dcd10}: 'void java.lang.invoke.DirectMethodHandle$Holder.invokeStatic(java.lang.Object, java.lang.Object)'> (0x00000000c56dcd10) 
thrown [s\src\hotspot\share\interpreter\linkResolver.cpp, line 759]
Event: 0.576 Thread 0x0000000000401480 Exception <a 'java/io/FileNotFoundException'{0x00000000c5518790}> (0x00000000c5518790) 
thrown [s\src\hotspot\share\prims\jni.cpp, line 516]
Event: 0.954 Thread 0x0000000000401480 Exception <a 'java/lang/NoSuchMethodError'{0x00000000c54ab3a8}: 'java.lang.Object java.lang.invoke.DirectMethodHandle$Holder.invokeInterface(java.lang.Object, java.lang.Object)'> (0x00000000c54ab3a8) 
thrown [s\src\hotspot\share\interpreter\linkResolver.cpp, line 759]
Event: 0.956 Thread 0x0000000000401480 Exception <a 'java/lang/IncompatibleClassChangeError'{0x00000000c54aeba0}: Found class java.lang.Object, but interface was expected> (0x00000000c54aeba0) 
thrown [s\src\hotspot\share\interpreter\linkResolver.cpp, line 826]
Event: 0.995 Thread 0x0000000000401480 Exception <a 'java/lang/NoSuchMethodError'{0x00000000c530bad0}: 'java.lang.Object java.lang.invoke.DirectMethodHandle$Holder.newInvokeSpecial(java.lang.Object, java.lang.Object, java.lang.Object, java.lang.Object, java.lang.Object)'> (0x00000000c530bad0) 
thrown [s\src\hotspot\share\interpreter\linkResolver.cpp, line 759]
Event: 1.626 Thread 0x0000000000401480 Exception <a 'java/lang/NoSuchMethodError'{0x00000000c4f81f88}: 'void java.lang.invoke.DirectMethodHandle$Holder.invokeSpecial(java.lang.Object, java.lang.Object, java.lang.Object)'> (0x00000000c4f81f88) 
thrown [s\src\hotspot\share\interpreter\linkResolver.cpp, line 759]
Event: 1.629 Thread 0x0000000000401480 Exception <a 'java/lang/NoSuchMethodError'{0x00000000c4f88fd8}: 'void java.lang.invoke.DirectMethodHandle$Holder.invokeStatic(java.lang.Object, java.lang.Object, java.lang.Object)'> (0x00000000c4f88fd8) 
thrown [s\src\hotspot\share\interpreter\linkResolver.cpp, line 759]
Event: 1.631 Thread 0x0000000000401480 Exception <a 'java/lang/NoSuchMethodError'{0x00000000c4f934e8}: 'java.lang.Object java.lang.invoke.DirectMethodHandle$Holder.invokeVirtual(java.lang.Object, java.lang.Object, java.lang.Object)'> (0x00000000c4f934e8) 
thrown [s\src\hotspot\share\interpreter\linkResolver.cpp, line 759]
Event: 2.169 Thread 0x0000000000401480 Exception <a 'java/lang/NoSuchMethodError'{0x00000000c57b3da8}: 'void java.lang.invoke.DirectMethodHandle$Holder.invokeStaticInit(java.lang.Object, java.lang.Object)'> (0x00000000c57b3da8) 
thrown [s\src\hotspot\share\interpreter\linkResolver.cpp, line 759]
Event: 2.466 Thread 0x0000000000401480 Exception <a 'sun/nio/fs/WindowsException'{0x00000000c544b610}> (0x00000000c544b610) 
thrown [s\src\hotspot\share\prims\jni.cpp, line 516]
Event: 2.498 Thread 0x0000000000401480 Exception <a 'java/lang/NoSuchMethodError'{0x00000000c5470830}: 'int java.lang.invoke.DirectMethodHandle$Holder.invokeStaticInit(java.lang.Object, java.lang.Object, java.lang.Object, java.lang.Object)'> (0x00000000c5470830) 
thrown [s\src\hotspot\share\interpreter\linkResolver.cpp, line 759]
Event: 2.501 Thread 0x0000000000401480 Exception <a 'java/lang/IncompatibleClassChangeError'{0x00000000c5479d28}: Found class java.lang.Object, but interface was expected> (0x00000000c5479d28) 
thrown [s\src\hotspot\share\interpreter\linkResolver.cpp, line 826]
Event: 2.503 Thread 0x0000000000401480 Exception <a 'java/lang/NoSuchMethodError'{0x00000000c547f9d0}: 'int java.lang.invoke.DirectMethodHandle$Holder.invokeStaticInit(java.lang.Object, java.lang.Object)'> (0x00000000c547f9d0) 
thrown [s\src\hotspot\share\interpreter\linkResolver.cpp, line 759]
Event: 2.615 Thread 0x0000000000401480 Exception <a 'java/lang/NoSuchMethodError'{0x00000000c5341898}: 'java.lang.Object java.lang.invoke.DirectMethodHandle$Holder.invokeStaticInit(java.lang.Object, int, int, int, int)'> (0x00000000c5341898) 
thrown [s\src\hotspot\share\interpreter\linkResolver.cpp, line 759]
Event: 2.749 Thread 0x0000000000401480 Exception <a 'java/lang/NoSuchMethodError'{0x00000000c536d970}: 'java.lang.Object java.lang.invoke.DirectMethodHandle$Holder.invokeStaticInit(java.lang.Object, java.lang.Object, int, int, int, int)'> (0x00000000c536d970) 
thrown [s\src\hotspot\share\interpreter\linkResolver.cpp, line 759]

VM Operations (20 events):
Event: 1.055 Executing VM operation: HandshakeAllThreads
Event: 1.055 Executing VM operation: HandshakeAllThreads done
Event: 1.133 Executing VM operation: HandshakeAllThreads
Event: 1.133 Executing VM operation: HandshakeAllThreads done
Event: 1.440 Executing VM operation: HandshakeAllThreads
Event: 1.440 Executing VM operation: HandshakeAllThreads done
Event: 1.440 Executing VM operation: Cleanup
Event: 1.442 Executing VM operation: Cleanup done
Event: 1.459 Executing VM operation: HandshakeAllThreads
Event: 1.459 Executing VM operation: HandshakeAllThreads done
Event: 1.972 Executing VM operation: G1CollectForAllocation
Event: 1.985 Executing VM operation: G1CollectForAllocation done
Event: 2.199 Executing VM operation: HandshakeAllThreads
Event: 2.199 Executing VM operation: HandshakeAllThreads done
Event: 2.484 Executing VM operation: HandshakeAllThreads
Event: 2.484 Executing VM operation: HandshakeAllThreads done
Event: 3.145 Executing VM operation: HandshakeAllThreads
Event: 3.145 Executing VM operation: HandshakeAllThreads done
Event: 3.145 Executing VM operation: Cleanup
Event: 3.145 Executing VM operation: Cleanup done

Events (20 events):
Event: 3.208 loading class com/sun/crypto/provider/GaloisCounterMode$GCTRGHASH done
Event: 3.209 loading class sun/security/ssl/X509Authentication$X509Possession
Event: 3.209 loading class sun/security/ssl/X509Authentication$X509Possession done
Event: 3.214 loading class javax/net/ssl/SSLEngineResult$HandshakeStatus
Event: 3.214 loading class javax/net/ssl/SSLEngineResult$HandshakeStatus done
Event: 3.214 loading class jdk/internal/event/TLSHandshakeEvent
Event: 3.215 loading class jdk/internal/event/TLSHandshakeEvent done
Event: 3.221 loading class java/security/DigestException
Event: 3.221 loading class java/security/DigestException done
Event: 3.224 loading class javax/security/sasl/SaslException
Event: 3.225 loading class javax/security/sasl/SaslException done
Event: 3.225 loading class javax/security/auth/login/Configuration
Event: 3.226 loading class javax/security/auth/login/Configuration done
Event: 3.228 loading class javax/security/auth/callback/UnsupportedCallbackException
Event: 3.229 loading class javax/security/auth/callback/UnsupportedCallbackException done
Event: 3.229 loading class javax/security/auth/callback/Callback
Event: 3.229 loading class javax/security/auth/callback/Callback done
Event: 3.230 loading class sun/invoke/util/VerifyAccess$1
Event: 3.230 loading class sun/invoke/util/VerifyAccess$1 done
Event: 3.235 loading class sun/security/ssl/PostHandshakeContext


Dynamic libraries:
0x000000013f670000 - 0x000000013f67d000 	C:\Users\Andrey\.jdks\corretto-17.0.5\bin\java.exe
0x0000000077980000 - 0x0000000077b2a000 	C:\Windows\SYSTEM32\ntdll.dll
0x000007feecea0000 - 0x000007feeceb7000 	C:\Program Files\AVG\Antivirus\aswhook.dll
0x0000000077860000 - 0x000000007797f000 	C:\Windows\system32\kernel32.dll
0x000007fefd850000 - 0x000007fefd8ba000 	C:\Windows\system32\KERNELBASE.dll
0x000007fef5240000 - 0x000007fef5257000 	C:\Users\Andrey\.jdks\corretto-17.0.5\bin\jli.dll
0x000007fefb970000 - 0x000007fefbb64000 	C:\Windows\WinSxS\amd64_microsoft.windows.common-controls_6595b64144ccf1df_6.0.7601.18837_none_fa3b1e3d17594757\COMCTL32.dll
0x000007feff110000 - 0x000007feff1af000 	C:\Windows\system32\msvcrt.dll
0x000007feff750000 - 0x000007feff7b7000 	C:\Windows\system32\GDI32.dll
0x0000000077760000 - 0x000000007785a000 	C:\Windows\system32\USER32.dll
0x000007feff250000 - 0x000007feff25e000 	C:\Windows\system32\LPK.dll
0x000007fefed70000 - 0x000007fefee3b000 	C:\Windows\system32\USP10.dll
0x000007feff6d0000 - 0x000007feff741000 	C:\Windows\system32\SHLWAPI.dll
0x000007fef5220000 - 0x000007fef5235000 	C:\Users\Andrey\.jdks\corretto-17.0.5\bin\VCRUNTIME140.dll
0x000007fefa6b0000 - 0x000007fefa6b4000 	C:\Users\Andrey\.jdks\corretto-17.0.5\bin\api-ms-win-crt-runtime-l1-1-0.dll
0x000007fee3ee0000 - 0x000007fee3fdc000 	C:\Users\Andrey\.jdks\corretto-17.0.5\bin\ucrtbase.DLL
0x000007fef5410000 - 0x000007fef5413000 	C:\Users\Andrey\.jdks\corretto-17.0.5\bin\api-ms-win-core-localization-l1-2-0.dll
0x000007fef5210000 - 0x000007fef5213000 	C:\Users\Andrey\.jdks\corretto-17.0.5\bin\api-ms-win-core-processthreads-l1-1-1.dll
0x000007fef5200000 - 0x000007fef5203000 	C:\Users\Andrey\.jdks\corretto-17.0.5\bin\api-ms-win-core-file-l1-2-0.dll
0x000007fef51c0000 - 0x000007fef51c3000 	C:\Users\Andrey\.jdks\corretto-17.0.5\bin\api-ms-win-core-timezone-l1-1-0.dll
0x000007fef51b0000 - 0x000007fef51b3000 	C:\Users\Andrey\.jdks\corretto-17.0.5\bin\api-ms-win-core-file-l2-1-0.dll
0x000007fef51a0000 - 0x000007fef51a3000 	C:\Users\Andrey\.jdks\corretto-17.0.5\bin\api-ms-win-core-synch-l1-2-0.dll
0x000007fef42c0000 - 0x000007fef42c3000 	C:\Users\Andrey\.jdks\corretto-17.0.5\bin\api-ms-win-crt-heap-l1-1-0.dll
0x000007fef42b0000 - 0x000007fef42b4000 	C:\Users\Andrey\.jdks\corretto-17.0.5\bin\api-ms-win-crt-string-l1-1-0.dll
0x000007fef42a0000 - 0x000007fef42a4000 	C:\Users\Andrey\.jdks\corretto-17.0.5\bin\api-ms-win-crt-stdio-l1-1-0.dll
0x000007fef4290000 - 0x000007fef4294000 	C:\Users\Andrey\.jdks\corretto-17.0.5\bin\api-ms-win-crt-convert-l1-1-0.dll
0x000007fef4280000 - 0x000007fef4283000 	C:\Users\Andrey\.jdks\corretto-17.0.5\bin\api-ms-win-crt-environment-l1-1-0.dll
0x000007fef4270000 - 0x000007fef4273000 	C:\Users\Andrey\.jdks\corretto-17.0.5\bin\api-ms-win-crt-filesystem-l1-1-0.dll
0x000007fef4260000 - 0x000007fef4265000 	C:\Users\Andrey\.jdks\corretto-17.0.5\bin\api-ms-win-crt-math-l1-1-0.dll
0x000007fef4250000 - 0x000007fef4253000 	C:\Users\Andrey\.jdks\corretto-17.0.5\bin\api-ms-win-crt-locale-l1-1-0.dll
0x000007fefda30000 - 0x000007fefda5e000 	C:\Windows\system32\IMM32.DLL
0x000007fefec60000 - 0x000007fefed69000 	C:\Windows\system32\MSCTF.dll
0x000007feecb10000 - 0x000007feecbab000 	C:\Users\Andrey\.jdks\corretto-17.0.5\bin\msvcp140.dll
0x000007fef41e0000 - 0x000007fef41e3000 	C:\Users\Andrey\.jdks\corretto-17.0.5\bin\api-ms-win-crt-time-l1-1-0.dll
0x000007fef41d0000 - 0x000007fef41d3000 	C:\Users\Andrey\.jdks\corretto-17.0.5\bin\api-ms-win-crt-utility-l1-1-0.dll
0x000007fee0860000 - 0x000007fee1474000 	C:\Users\Andrey\.jdks\corretto-17.0.5\bin\server\jvm.dll
0x000007fefee40000 - 0x000007fefef1b000 	C:\Windows\system32\ADVAPI32.dll
0x000007fefec40000 - 0x000007fefec5f000 	C:\Windows\SYSTEM32\sechost.dll
0x000007feffb60000 - 0x000007feffc8d000 	C:\Windows\system32\RPCRT4.dll
0x000007fef9640000 - 0x000007fef9649000 	C:\Windows\system32\WSOCK32.dll
0x000007feffb10000 - 0x000007feffb5d000 	C:\Windows\system32\WS2_32.dll
0x000007fefef20000 - 0x000007fefef28000 	C:\Windows\system32\NSI.dll
0x000007fefb0f0000 - 0x000007fefb12b000 	C:\Windows\system32\WINMM.dll
0x000007fefc3c0000 - 0x000007fefc3cc000 	C:\Windows\system32\VERSION.dll
0x000007feee470000 - 0x000007feee47a000 	C:\Users\Andrey\.jdks\corretto-17.0.5\bin\jimage.dll
0x000007fefae50000 - 0x000007fefaf75000 	C:\Windows\system32\DBGHELP.DLL
0x000007fefa650000 - 0x000007fefa65e000 	C:\Users\Andrey\.jdks\corretto-17.0.5\bin\instrument.dll
0x000007feecae0000 - 0x000007feecb05000 	C:\Users\Andrey\.jdks\corretto-17.0.5\bin\java.dll
0x000007fee0780000 - 0x000007fee0856000 	C:\Users\Andrey\.jdks\corretto-17.0.5\bin\jsvml.dll
0x000007fefdb00000 - 0x000007fefe88a000 	C:\Windows\system32\SHELL32.dll
0x000007feff260000 - 0x000007feff45c000 	C:\Windows\system32\ole32.dll
0x000007fefd680000 - 0x000007fefd68f000 	C:\Windows\system32\profapi.dll
0x000007feeca10000 - 0x000007feeca28000 	C:\Users\Andrey\.jdks\corretto-17.0.5\bin\zip.dll
0x000007feeca80000 - 0x000007feeca99000 	C:\Users\Andrey\.jdks\corretto-17.0.5\bin\net.dll
0x000007fef7600000 - 0x000007fef7671000 	C:\Windows\system32\WINHTTP.dll
0x000007fef7590000 - 0x000007fef75f5000 	C:\Windows\system32\webio.dll
0x000007fefcb20000 - 0x000007fefcb75000 	C:\Windows\system32\mswsock.dll
0x000007fefcb10000 - 0x000007fefcb17000 	C:\Windows\System32\wship6.dll
0x000007feeca30000 - 0x000007feeca45000 	C:\Users\Andrey\.jdks\corretto-17.0.5\bin\nio.dll
0x000007fef4f50000 - 0x000007fef4f6a000 	C:\Program Files\JetBrains2\IntelliJ IDEA 2022.3.1\bin\breakgen64.dll
0x000007feeca70000 - 0x000007feeca80000 	C:\Users\Andrey\.jdks\corretto-17.0.5\bin\verify.dll
0x000007fefc490000 - 0x000007fefc497000 	C:\Windows\System32\wshtcpip.dll
0x000007fefc9a0000 - 0x000007fefc9fb000 	C:\Windows\system32\DNSAPI.dll
0x000007fefa040000 - 0x000007fefa067000 	C:\Windows\system32\IPHLPAPI.DLL
0x000007fefa030000 - 0x000007fefa03b000 	C:\Windows\system32\WINNSI.DLL
0x000007fef3470000 - 0x000007fef3478000 	C:\Windows\system32\rasadhlp.dll
0x000007fef9ec0000 - 0x000007fef9f13000 	C:\Windows\System32\fwpuclnt.dll
0x000007fefcb80000 - 0x000007fefcb98000 	C:\Windows\system32\CRYPTSP.dll
0x0000000075370000 - 0x0000000075381000 	C:\Program Files\Common Files\Crypto Pro\AppCompat\cpadvai.dll
0x0000000075390000 - 0x0000000075397000 	C:\Program Files\Common Files\Crypto Pro\AppCompat\detoured.dll
0x000007fefc810000 - 0x000007fefc857000 	C:\Windows\system32\rsaenh.dll
0x000007fefd690000 - 0x000007fefd6ae000 	C:\Windows\system32\USERENV.dll
0x000007fefd510000 - 0x000007fefd51f000 	C:\Windows\system32\CRYPTBASE.dll
0x000007fef9e40000 - 0x000007fef9e58000 	C:\Windows\system32\dhcpcsvc.DLL
0x000007fef9e20000 - 0x000007fef9e31000 	C:\Windows\system32\dhcpcsvc6.DLL
0x000007fef4f30000 - 0x000007fef4f3e000 	C:\Users\Andrey\.jdks\corretto-17.0.5\bin\sunmscapi.dll
0x000007fefd6d0000 - 0x000007fefd83d000 	C:\Windows\system32\CRYPT32.dll
0x000007fefd670000 - 0x000007fefd67f000 	C:\Windows\system32\MSASN1.dll
0x000007fefd020000 - 0x000007fefd070000 	C:\Windows\system32\ncrypt.dll
0x000007fefcff0000 - 0x000007fefd012000 	C:\Windows\system32\bcrypt.dll
0x00000000753a0000 - 0x00000000753bf000 	C:\Program Files\Common Files\Crypto Pro\AppCompat\cpcrypt.dll
0x0000000077b50000 - 0x0000000077b57000 	C:\Windows\system32\PSAPI.DLL

dbghelp: loaded successfully - version: 4.0.5 - missing functions: none
symbol engine: initialized successfully - sym options: 0x614 - pdb path: .;C:\Users\Andrey\.jdks\corretto-17.0.5\bin;C:\Windows\SYSTEM32;C:\Program Files\AVG\Antivirus;C:\Windows\WinSxS\amd64_microsoft.windows.common-controls_6595b64144ccf1df_6.0.7601.18837_none_fa3b1e3d17594757;C:\Users\Andrey\.jdks\corretto-17.0.5\bin\server;C:\Program Files\JetBrains2\IntelliJ IDEA 2022.3.1\bin;C:\Program Files\Common Files\Crypto Pro\AppCompat

VM Arguments:
jvm_args: -ea -Didea.test.cyclic.buffer.size=1048576 -javaagent:C:\Program Files\JetBrains2\IntelliJ IDEA 2022.3.1\lib\idea_rt.jar=51416:C:\Program Files\JetBrains2\IntelliJ IDEA 2022.3.1\bin -Dfile.encoding=UTF-8 
java_command: com.intellij.rt.junit.JUnitStarter -ideVersion5 -junit4 UserServiceTest
java_class_path (initial): C:\Program Files\JetBrains2\IntelliJ IDEA 2022.3.1\lib\idea_rt.jar;C:\Program Files\JetBrains2\IntelliJ IDEA 2022.3.1\plugins\junit\lib\junit5-rt.jar;C:\Program Files\JetBrains2\IntelliJ IDEA 2022.3.1\plugins\junit\lib\junit-rt.jar;C:\Users\Andrey\IdeaProjects\PP 1134\target\test-classes;C:\Users\Andrey\IdeaProjects\PP 1134\target\classes;C:\Users\Andrey\.m2\repository\junit\junit\4.13.2\junit-4.13.2.jar;C:\Users\Andrey\.m2\repository\org\hamcrest\hamcrest-core\1.3\hamcrest-core-1.3.jar;C:\Users\Andrey\.m2\repository\mysql\mysql-connector-java\8.0.25\mysql-connector-java-8.0.25.jar;C:\Users\Andrey\.m2\repository\com\google\protobuf\protobuf-java\3.11.4\protobuf-java-3.11.4.jar;C:\Users\Andrey\.m2\repository\org\hibernate\javax\persistence\hibernate-jpa-2.1-api\1.0.2.Final\hibernate-jpa-2.1-api-1.0.2.Final.jar;C:\Users\Andrey\.m2\repository\org\hibernate\hibernate-core\5.6.3.Final\hibernate-core-5.6.3.Final.jar;C:\Users\Andrey\.m2\repository\org\jboss\logging\jboss-logging\3.4.2.Final\jboss-logging-3.4.2.Final.jar;C:\Users\Andrey\.m2\repository\javax\persistence\javax.persistence-api\2.2\javax.persistence-api-2.2.jar;C:\Users\Andrey\.m2\repository\net\bytebuddy\byte-buddy\1.11.20\byte-buddy-1.11.20.jar;C:\Users\Andrey\.m2\repository\antlr\antlr\2.7.7\antlr-2.7.7.jar;C:\Users\Andrey\.m2\repository\org\jboss\spec\javax\transaction\jboss-transaction-api_1.2_spec\1.1.1.Final\jboss-transaction-api_1.2_spec-1.1.1.Final.jar;C:\Users\Andrey\.m2\repository\org\jboss\jandex\2.2.3.Final\jandex-2.2.3.Final.jar;C:\Users\Andrey\.m2\repository\com\fasterxml\classmate\1.5.1\classmate-1.5.1.jar;C:\Users\Andrey\.m2\repository\javax\activation\javax.activation-api\1.2.0\javax.activation-api-1.2.0.jar;C:\Users\Andrey\.m2\repository\org\hibernate\common\hibernate-commons-annotations\5.1.2.Final\hibernate-commons-annotations-5.1.2.Final.jar;C:\Users\Andrey\.m2\repository\javax\xml\bind\jaxb-api\2.3.1\jaxb-api-2.3.1.jar;C:\Users\Andrey\.m2\repository\org\glassf
Launcher Type: SUN_STANDARD

[Global flags]
     intx CICompilerCount                          = 3                                         {product} {ergonomic}
     uint ConcGCThreads                            = 1                                         {product} {ergonomic}
     uint G1ConcRefinementThreads                  = 4                                         {product} {ergonomic}
   size_t G1HeapRegionSize                         = 1048576                                   {product} {ergonomic}
    uintx GCDrainStackTargetSize                   = 64                                        {product} {ergonomic}
   size_t InitialHeapSize                          = 67108864                                  {product} {ergonomic}
   size_t MarkStackSize                            = 4194304                                   {product} {ergonomic}
   size_t MaxHeapSize                              = 1048576000                                {product} {ergonomic}
   size_t MaxNewSize                               = 629145600                                 {product} {ergonomic}
   size_t MinHeapDeltaBytes                        = 1048576                                   {product} {ergonomic}
   size_t MinHeapSize                              = 8388608                                   {product} {ergonomic}
    uintx NonNMethodCodeHeapSize                   = 5832780                                {pd product} {ergonomic}
    uintx NonProfiledCodeHeapSize                  = 122912730                              {pd product} {ergonomic}
    uintx ProfiledCodeHeapSize                     = 122912730                              {pd product} {ergonomic}
    uintx ReservedCodeCacheSize                    = 251658240                              {pd product} {ergonomic}
     bool SegmentedCodeCache                       = true                                      {product} {ergonomic}
   size_t SoftMaxHeapSize                          = 1048576000                             {manageable} {ergonomic}
     bool UseCompressedClassPointers               = true                           {product lp64_product} {ergonomic}
     bool UseCompressedOops                        = true                           {product lp64_product} {ergonomic}
     bool UseG1GC                                  = true                                      {product} {ergonomic}
     bool UseLargePagesIndividualAllocation        = false                                  {pd product} {ergonomic}

Logging:
Log output configuration:
 #0: stdout all=warning uptime,level,tags
 #1: stderr all=off uptime,level,tags

Environment Variables:
JAVA_HOME=C:\OpenJDK\jdk-17.0.2+8
PATH=C:\Program Files (x86)\Google\Chrome\Application;C:\Windows\system32;C:\Windows;C:\Windows\System32\Wbem;C:\Windows\System32\WindowsPowerShell\v1.0\;C:\Program Files\Git\cmd; %M2_HOME%\bin; %JAVA_HOME%;C:\Program Files\MySQL\MySQL Shell 8.0\bin\;C:\Program Files (x86)\Maven\apache-maven-3.8.6\bin; C:\OpenJDK\jdk-17.0.2+8
USERNAME=Andrey
OS=Windows_NT
PROCESSOR_IDENTIFIER=Intel64 Family 6 Model 42 Stepping 7, GenuineIntel
TMP=C:\Users\Andrey\AppData\Local\Temp
TEMP=C:\Users\Andrey\AppData\Local\Temp



---------------  S Y S T E M  ---------------

OS:
 Windows 7 , 64 bit Build 7601 (6.1.7601.23915)
OS uptime: 0 days 9:42 hours

CPU: total 4 (initial active 4) (2 cores per cpu, 2 threads per core) family 6 model 42 stepping 7 microcode 0x0, cx8, cmov, fxsr, ht, mmx, sse, sse2, sse3, ssse3, sse4.1, sse4.2, popcnt, tsc, tscinvbit, avx, aes, clmul, vzeroupper, clflush

Memory: 4k page, system-wide physical 3999M (106M free)
TotalPageFile size 8093M (AvailPageFile size 6M)
current process WorkingSet (physical memory assigned to process): 76M, peak: 76M
current process commit charge ("private bytes"): 163M, peak: 163M

vm_info: OpenJDK 64-Bit Server VM (17.0.5+8-LTS) for windows-amd64 JRE (17.0.5+8-LTS), built on Oct 13 2022 05:18:14 by "Administrator" with MS VC++ 15.9 (VS2017)

END.
